<?xml version="1.0" encoding="UTF-8"?>
<testng-results ignored="0" total="1" passed="0" failed="1" skipped="0">
  <reporter-output>
  </reporter-output>
<<<<<<< HEAD
  <suite started-at="2021-02-05T16:47:32 PKT" name="Default suite" finished-at="2021-02-05T16:48:01 PKT" duration-ms="28845">
=======
  <suite started-at="2021-02-04T23:22:41 PKT" name="Default suite" finished-at="2021-02-04T23:23:34 PKT" duration-ms="52564">
>>>>>>> branch 'master' of https://github.com/muddassarhussain/Selenium.git
    <groups>
    </groups>
<<<<<<< HEAD
    <test started-at="2021-02-05T16:47:32 PKT" name="Default test" finished-at="2021-02-05T16:48:01 PKT" duration-ms="28845">
      <class name="seleniumframewrok.SeleniumFramewrok14TestNGWait">
        <test-method is-config="true" signature="creatingobj()[pri:0, instance:seleniumframewrok.SeleniumFramewrok14TestNGWait@4116aac9]" started-at="2021-02-05T16:47:32 PKT" name="creatingobj" finished-at="2021-02-05T16:47:34 PKT" duration-ms="2172" status="PASS">
=======
    <test started-at="2021-02-04T23:22:41 PKT" name="Default test" finished-at="2021-02-04T23:23:34 PKT" duration-ms="52564">
      <class name="seleniumframewrok.SeleniumFramewrok15TestNGFluentWait">
        <test-method is-config="true" signature="creatingobj()[pri:0, instance:seleniumframewrok.SeleniumFramewrok15TestNGFluentWait@7c6908d7]" started-at="2021-02-04T23:22:41 PKT" name="creatingobj" finished-at="2021-02-04T23:22:47 PKT" duration-ms="5850" status="PASS">
>>>>>>> branch 'master' of https://github.com/muddassarhussain/Selenium.git
          <reporter-output>
          </reporter-output>
        </test-method> <!-- creatingobj -->
<<<<<<< HEAD
        <test-method signature="Test1()[pri:0, instance:seleniumframewrok.SeleniumFramewrok14TestNGWait@4116aac9]" started-at="2021-02-05T16:47:34 PKT" name="Test1" finished-at="2021-02-05T16:47:56 PKT" duration-ms="21488" status="FAIL">
          <exception class="org.openqa.selenium.NoSuchElementException">
=======
        <test-method signature="Test1()[pri:0, instance:seleniumframewrok.SeleniumFramewrok15TestNGFluentWait@7c6908d7]" started-at="2021-02-04T23:22:47 PKT" name="Test1" finished-at="2021-02-04T23:23:30 PKT" duration-ms="42442" status="FAIL">
          <exception class="org.openqa.selenium.TimeoutException">
>>>>>>> branch 'master' of https://github.com/muddassarhussain/Selenium.git
            <message>
<<<<<<< HEAD
              <![CDATA[no such element: Unable to locate element: {"method":"css selector","selector":"*[name='abcd']"}
  (Session info: chrome=88.0.4324.146)
For documentation on this error, please visit: https://selenium.dev/exceptions/#no_such_element
Build info: version: '4.0.0-alpha-7', revision: 'de8579b6d5'
System info: host: 'MUDDASSAR-HUSSA', ip: '172.16.1.102', os.name: 'Windows 10', os.arch: 'amd64', os.version: '10.0', java.version: '15.0.1'
Driver info: org.openqa.selenium.chrome.ChromeDriver
Capabilities {acceptInsecureCerts: false, browserName: chrome, browserVersion: 88.0.4324.146, chrome: {chromedriverVersion: 88.0.4324.96 (68dba2d8a0b14..., userDataDir: C:\Users\MUDDAS~1\AppData\L...}, goog:chromeOptions: {debuggerAddress: localhost:53688}, javascriptEnabled: true, networkConnectionEnabled: false, pageLoadStrategy: normal, platform: WINDOWS, platformName: WINDOWS, proxy: Proxy(), setWindowRect: true, strictFileInteractability: false, timeouts: {implicit: 0, pageLoad: 300000, script: 30000}, unhandledPromptBehavior: dismiss and notify, webauthn:extension:largeBlob: true, webauthn:virtualAuthenticators: true}
Session ID: 7d78921597a3ac3eaa044bc25338c9a1
*** Element info: {Using=name, value=abcd}]]>
=======
              <![CDATA[Expected condition failed: waiting for seleniumframewrok.SeleniumFramewrok15TestNGFluentWait$1@1309fd74 (tried for 30 second(s) with 2000 milliseconds interval)]]>
>>>>>>> branch 'master' of https://github.com/muddassarhussain/Selenium.git
            </message>
            <full-stacktrace>
<<<<<<< HEAD
              <![CDATA[org.openqa.selenium.NoSuchElementException: no such element: Unable to locate element: {"method":"css selector","selector":"*[name='abcd']"}
  (Session info: chrome=88.0.4324.146)
For documentation on this error, please visit: https://selenium.dev/exceptions/#no_such_element
Build info: version: '4.0.0-alpha-7', revision: 'de8579b6d5'
System info: host: 'MUDDASSAR-HUSSA', ip: '172.16.1.102', os.name: 'Windows 10', os.arch: 'amd64', os.version: '10.0', java.version: '15.0.1'
Driver info: org.openqa.selenium.chrome.ChromeDriver
Capabilities {acceptInsecureCerts: false, browserName: chrome, browserVersion: 88.0.4324.146, chrome: {chromedriverVersion: 88.0.4324.96 (68dba2d8a0b14..., userDataDir: C:\Users\MUDDAS~1\AppData\L...}, goog:chromeOptions: {debuggerAddress: localhost:53688}, javascriptEnabled: true, networkConnectionEnabled: false, pageLoadStrategy: normal, platform: WINDOWS, platformName: WINDOWS, proxy: Proxy(), setWindowRect: true, strictFileInteractability: false, timeouts: {implicit: 0, pageLoad: 300000, script: 30000}, unhandledPromptBehavior: dismiss and notify, webauthn:extension:largeBlob: true, webauthn:virtualAuthenticators: true}
Session ID: 7d78921597a3ac3eaa044bc25338c9a1
*** Element info: {Using=name, value=abcd}
at java.base/jdk.internal.reflect.NativeConstructorAccessorImpl.newInstance0(Native Method)
at java.base/jdk.internal.reflect.NativeConstructorAccessorImpl.newInstance(NativeConstructorAccessorImpl.java:64)
at java.base/jdk.internal.reflect.DelegatingConstructorAccessorImpl.newInstance(DelegatingConstructorAccessorImpl.java:45)
at java.base/java.lang.reflect.Constructor.newInstanceWithCaller(Constructor.java:500)
at java.base/java.lang.reflect.Constructor.newInstance(Constructor.java:481)
at org.openqa.selenium.remote.codec.w3c.W3CHttpResponseCodec.createException(W3CHttpResponseCodec.java:196)
at org.openqa.selenium.remote.codec.w3c.W3CHttpResponseCodec.decode(W3CHttpResponseCodec.java:129)
at org.openqa.selenium.remote.codec.w3c.W3CHttpResponseCodec.decode(W3CHttpResponseCodec.java:53)
at org.openqa.selenium.remote.HttpCommandExecutor.execute(HttpCommandExecutor.java:167)
at org.openqa.selenium.remote.service.DriverCommandExecutor.execute(DriverCommandExecutor.java:123)
at org.openqa.selenium.remote.RemoteWebDriver.execute(RemoteWebDriver.java:501)
at org.openqa.selenium.remote.RemoteWebDriver.findElement(RemoteWebDriver.java:332)
at org.openqa.selenium.By$ByName.findElement(By.java:304)
at org.openqa.selenium.remote.RemoteWebDriver.findElement(RemoteWebDriver.java:312)
at seleniumframewrok.SeleniumFramewrok14TestNGWait.Test1(SeleniumFramewrok14TestNGWait.java:48)
=======
              <![CDATA[org.openqa.selenium.TimeoutException: Expected condition failed: waiting for seleniumframewrok.SeleniumFramewrok15TestNGFluentWait$1@1309fd74 (tried for 30 second(s) with 2000 milliseconds interval)
at org.openqa.selenium.support.ui.FluentWait.until(FluentWait.java:211)
at seleniumframewrok.SeleniumFramewrok15TestNGFluentWait.Test1(SeleniumFramewrok15TestNGFluentWait.java:67)
>>>>>>> branch 'master' of https://github.com/muddassarhussain/Selenium.git
at java.base/jdk.internal.reflect.NativeMethodAccessorImpl.invoke0(Native Method)
at java.base/jdk.internal.reflect.NativeMethodAccessorImpl.invoke(NativeMethodAccessorImpl.java:64)
at java.base/jdk.internal.reflect.DelegatingMethodAccessorImpl.invoke(DelegatingMethodAccessorImpl.java:43)
at java.base/java.lang.reflect.Method.invoke(Method.java:564)
at org.testng.internal.MethodInvocationHelper.invokeMethod(MethodInvocationHelper.java:132)
at org.testng.internal.TestInvoker.invokeMethod(TestInvoker.java:599)
at org.testng.internal.TestInvoker.invokeTestMethod(TestInvoker.java:174)
at org.testng.internal.MethodRunner.runInSequence(MethodRunner.java:46)
at org.testng.internal.TestInvoker$MethodInvocationAgent.invoke(TestInvoker.java:822)
at org.testng.internal.TestInvoker.invokeTestMethods(TestInvoker.java:147)
at org.testng.internal.TestMethodWorker.invokeTestMethods(TestMethodWorker.java:146)
at org.testng.internal.TestMethodWorker.run(TestMethodWorker.java:128)
at java.base/java.util.ArrayList.forEach(ArrayList.java:1511)
at org.testng.TestRunner.privateRun(TestRunner.java:764)
at org.testng.TestRunner.run(TestRunner.java:585)
at org.testng.SuiteRunner.runTest(SuiteRunner.java:384)
at org.testng.SuiteRunner.runSequentially(SuiteRunner.java:378)
at org.testng.SuiteRunner.privateRun(SuiteRunner.java:337)
at org.testng.SuiteRunner.run(SuiteRunner.java:286)
at org.testng.SuiteRunnerWorker.runSuite(SuiteRunnerWorker.java:53)
at org.testng.SuiteRunnerWorker.run(SuiteRunnerWorker.java:96)
at org.testng.TestNG.runSuitesSequentially(TestNG.java:1218)
at org.testng.TestNG.runSuitesLocally(TestNG.java:1140)
at org.testng.TestNG.runSuites(TestNG.java:1069)
at org.testng.TestNG.run(TestNG.java:1037)
at org.testng.remote.AbstractRemoteTestNG.run(AbstractRemoteTestNG.java:115)
at org.testng.remote.RemoteTestNG.initAndRun(RemoteTestNG.java:251)
at org.testng.remote.RemoteTestNG.main(RemoteTestNG.java:77)
Caused by: org.openqa.selenium.NoSuchElementException: no such element: Unable to locate element: {"method":"link text","selector":"Automation.com"}
  (Session info: chrome=88.0.4324.104)
For documentation on this error, please visit: https://selenium.dev/exceptions/#no_such_element
Build info: version: '4.0.0-alpha-7', revision: 'de8579b6d5'
System info: host: 'DESKTOP-9LQ664D', ip: '192.168.10.70', os.name: 'Windows 10', os.arch: 'amd64', os.version: '10.0', java.version: '15.0.1'
Driver info: org.openqa.selenium.chrome.ChromeDriver
Capabilities {acceptInsecureCerts: false, browserName: chrome, browserVersion: 88.0.4324.104, chrome: {chromedriverVersion: 88.0.4324.96 (68dba2d8a0b14..., userDataDir: C:\Users\rocok\AppData\Loca...}, goog:chromeOptions: {debuggerAddress: localhost:53325}, javascriptEnabled: true, networkConnectionEnabled: false, pageLoadStrategy: normal, platform: WINDOWS, platformName: WINDOWS, proxy: Proxy(), setWindowRect: true, strictFileInteractability: false, timeouts: {implicit: 0, pageLoad: 300000, script: 30000}, unhandledPromptBehavior: dismiss and notify, webauthn:extension:largeBlob: true, webauthn:virtualAuthenticators: true}
Session ID: 51fbc6a4e356e3a769df8ef286bb6e42
*** Element info: {Using=link text, value=Automation.com}
at java.base/jdk.internal.reflect.NativeConstructorAccessorImpl.newInstance0(Native Method)
at java.base/jdk.internal.reflect.NativeConstructorAccessorImpl.newInstance(NativeConstructorAccessorImpl.java:64)
at java.base/jdk.internal.reflect.DelegatingConstructorAccessorImpl.newInstance(DelegatingConstructorAccessorImpl.java:45)
at java.base/java.lang.reflect.Constructor.newInstanceWithCaller(Constructor.java:500)
at java.base/java.lang.reflect.Constructor.newInstance(Constructor.java:481)
at org.openqa.selenium.remote.codec.w3c.W3CHttpResponseCodec.createException(W3CHttpResponseCodec.java:196)
at org.openqa.selenium.remote.codec.w3c.W3CHttpResponseCodec.decode(W3CHttpResponseCodec.java:129)
at org.openqa.selenium.remote.codec.w3c.W3CHttpResponseCodec.decode(W3CHttpResponseCodec.java:53)
at org.openqa.selenium.remote.HttpCommandExecutor.execute(HttpCommandExecutor.java:167)
at org.openqa.selenium.remote.service.DriverCommandExecutor.execute(DriverCommandExecutor.java:123)
at org.openqa.selenium.remote.RemoteWebDriver.execute(RemoteWebDriver.java:501)
at org.openqa.selenium.remote.RemoteWebDriver.findElement(RemoteWebDriver.java:332)
at org.openqa.selenium.By$ByLinkText.findElement(By.java:230)
at org.openqa.selenium.remote.RemoteWebDriver.findElement(RemoteWebDriver.java:312)
at seleniumframewrok.SeleniumFramewrok15TestNGFluentWait$1.apply(SeleniumFramewrok15TestNGFluentWait.java:69)
at seleniumframewrok.SeleniumFramewrok15TestNGFluentWait$1.apply(SeleniumFramewrok15TestNGFluentWait.java:1)
at org.openqa.selenium.support.ui.FluentWait.lambda$checkConditionInLoop$2(FluentWait.java:233)
at java.base/java.util.concurrent.CompletableFuture$AsyncSupply.run(CompletableFuture.java:1764)
at java.base/java.util.concurrent.CompletableFuture$AsyncSupply.exec(CompletableFuture.java:1756)
at java.base/java.util.concurrent.ForkJoinTask.doExec(ForkJoinTask.java:290)
at java.base/java.util.concurrent.ForkJoinPool$WorkQueue.topLevelExec(ForkJoinPool.java:1016)
at java.base/java.util.concurrent.ForkJoinPool.scan(ForkJoinPool.java:1665)
at java.base/java.util.concurrent.ForkJoinPool.runWorker(ForkJoinPool.java:1598)
at java.base/java.util.concurrent.ForkJoinWorkerThread.run(ForkJoinWorkerThread.java:183)
]]>
            </full-stacktrace>
          </exception> <!-- org.openqa.selenium.TimeoutException -->
          <reporter-output>
          </reporter-output>
        </test-method> <!-- Test1 -->
<<<<<<< HEAD
        <test-method is-config="true" signature="endftest()[pri:0, instance:seleniumframewrok.SeleniumFramewrok14TestNGWait@4116aac9]" started-at="2021-02-05T16:47:56 PKT" name="endftest" finished-at="2021-02-05T16:48:01 PKT" duration-ms="5146" status="PASS">
=======
        <test-method is-config="true" signature="endftest()[pri:0, instance:seleniumframewrok.SeleniumFramewrok15TestNGFluentWait@7c6908d7]" started-at="2021-02-04T23:23:30 PKT" name="endftest" finished-at="2021-02-04T23:23:34 PKT" duration-ms="4168" status="PASS">
>>>>>>> branch 'master' of https://github.com/muddassarhussain/Selenium.git
          <reporter-output>
          </reporter-output>
        </test-method> <!-- endftest -->
      </class> <!-- seleniumframewrok.SeleniumFramewrok15TestNGFluentWait -->
    </test> <!-- Default test -->
  </suite> <!-- Default suite -->
</testng-results>
