<?xml version="1.0" encoding="UTF-8"?>
<!-- Generated by org.testng.reporters.JUnitReportReporter -->
<testsuite hostname="Muddassar-Hussain_QA" failures="0" tests="1" name="seleniumframewrok.VueBathroomOffice" time="15.794" errors="1" timestamp="2021-02-22T18:25:52 PKT" skipped="0">
  <testcase classname="seleniumframewrok.VueBathroomOffice" name="vueBathroomSmokeClick" time="15.794">
    <error message="element click intercepted: Element &lt;button data-v-156e84b5=&quot;&quot; data-v-f0bcbe7c=&quot;&quot; type=&quot;button&quot; data-testid=&quot;shippingSubmit&quot; disabled=&quot;disabled&quot; class=&quot;no-outline button-full block brdr-none w-100 px10 py20 bg-cl-mine-shaft :bg-cl-th-secondary ripple weight-400 h4 cl-white sans-serif fs-medium disabled button-disabled noNewdateSelected&quot; id=&quot;shippingSubmitBtnId&quot;&gt;...&lt;/button&gt; is not clickable at point (518, 897). Other element would receive the click: &lt;span data-v-47ef1cd6=&quot;&quot; tabindex=&quot;-1&quot; aria-label=&quot;Wednesday, February ..., 2021&quot; class=&quot;vc-day-content vc-focusable vc-text-gray-400 vc-font-medium vc-text-sm vc-cursor-pointer focus:vc-font-bold vc-rounded-full&quot;&gt;3&lt;/span&gt;
  (Session info: chrome=88.0.4324.182)
Build info: version: &#039;4.0.0-alpha-7&#039;, revision: &#039;de8579b6d5&#039;
System info: host: &#039;MUDDASSAR-HUSSA&#039;, ip: &#039;192.168.1.121&#039;, os.name: &#039;Windows 10&#039;, os.arch: &#039;amd64&#039;, os.version: &#039;10.0&#039;, java.version: &#039;15.0.1&#039;
Driver info: org.openqa.selenium.chrome.ChromeDriver
Capabilities {acceptInsecureCerts: false, browserName: chrome, browserVersion: 88.0.4324.182, chrome: {chromedriverVersion: 88.0.4324.96 (68dba2d8a0b14..., userDataDir: C:\Users\MUDDAS~1\AppData\L...}, goog:chromeOptions: {debuggerAddress: localhost:60290}, javascriptEnabled: true, networkConnectionEnabled: false, pageLoadStrategy: normal, platform: WINDOWS, platformName: WINDOWS, proxy: Proxy(), setWindowRect: true, strictFileInteractability: false, timeouts: {implicit: 0, pageLoad: 300000, script: 30000}, unhandledPromptBehavior: dismiss and notify, webauthn:extension:largeBlob: true, webauthn:virtualAuthenticators: true}
Session ID: 801d0b89b69d845ae5e56464c096d144" type="org.openqa.selenium.ElementClickInterceptedException">
      <![CDATA[org.openqa.selenium.ElementClickInterceptedException: element click intercepted: Element <button data-v-156e84b5="" data-v-f0bcbe7c="" type="button" data-testid="shippingSubmit" disabled="disabled" class="no-outline button-full block brdr-none w-100 px10 py20 bg-cl-mine-shaft :bg-cl-th-secondary ripple weight-400 h4 cl-white sans-serif fs-medium disabled button-disabled noNewdateSelected" id="shippingSubmitBtnId">...</button> is not clickable at point (518, 897). Other element would receive the click: <span data-v-47ef1cd6="" tabindex="-1" aria-label="Wednesday, February ..., 2021" class="vc-day-content vc-focusable vc-text-gray-400 vc-font-medium vc-text-sm vc-cursor-pointer focus:vc-font-bold vc-rounded-full">3</span>
  (Session info: chrome=88.0.4324.182)
Build info: version: '4.0.0-alpha-7', revision: 'de8579b6d5'
System info: host: 'MUDDASSAR-HUSSA', ip: '192.168.1.121', os.name: 'Windows 10', os.arch: 'amd64', os.version: '10.0', java.version: '15.0.1'
Driver info: org.openqa.selenium.chrome.ChromeDriver
Capabilities {acceptInsecureCerts: false, browserName: chrome, browserVersion: 88.0.4324.182, chrome: {chromedriverVersion: 88.0.4324.96 (68dba2d8a0b14..., userDataDir: C:\Users\MUDDAS~1\AppData\L...}, goog:chromeOptions: {debuggerAddress: localhost:60290}, javascriptEnabled: true, networkConnectionEnabled: false, pageLoadStrategy: normal, platform: WINDOWS, platformName: WINDOWS, proxy: Proxy(), setWindowRect: true, strictFileInteractability: false, timeouts: {implicit: 0, pageLoad: 300000, script: 30000}, unhandledPromptBehavior: dismiss and notify, webauthn:extension:largeBlob: true, webauthn:virtualAuthenticators: true}
Session ID: 801d0b89b69d845ae5e56464c096d144
at java.base/jdk.internal.reflect.NativeConstructorAccessorImpl.newInstance0(Native Method)
at java.base/jdk.internal.reflect.NativeConstructorAccessorImpl.newInstance(NativeConstructorAccessorImpl.java:64)
at java.base/jdk.internal.reflect.DelegatingConstructorAccessorImpl.newInstance(DelegatingConstructorAccessorImpl.java:45)
at java.base/java.lang.reflect.Constructor.newInstanceWithCaller(Constructor.java:500)
at java.base/java.lang.reflect.Constructor.newInstance(Constructor.java:481)
at org.openqa.selenium.remote.codec.w3c.W3CHttpResponseCodec.createException(W3CHttpResponseCodec.java:196)
at org.openqa.selenium.remote.codec.w3c.W3CHttpResponseCodec.decode(W3CHttpResponseCodec.java:129)
at org.openqa.selenium.remote.codec.w3c.W3CHttpResponseCodec.decode(W3CHttpResponseCodec.java:53)
at org.openqa.selenium.remote.HttpCommandExecutor.execute(HttpCommandExecutor.java:167)
at org.openqa.selenium.remote.service.DriverCommandExecutor.execute(DriverCommandExecutor.java:123)
at org.openqa.selenium.remote.RemoteWebDriver.execute(RemoteWebDriver.java:501)
at org.openqa.selenium.remote.RemoteWebElement.execute(RemoteWebElement.java:238)
at org.openqa.selenium.remote.RemoteWebElement.click(RemoteWebElement.java:79)
at seleniumframewrok.VueBathroomOffice.vueBathroomSmokeClick(VueBathroomOffice.java:64)
at java.base/jdk.internal.reflect.NativeMethodAccessorImpl.invoke0(Native Method)
at java.base/jdk.internal.reflect.NativeMethodAccessorImpl.invoke(NativeMethodAccessorImpl.java:64)
at java.base/jdk.internal.reflect.DelegatingMethodAccessorImpl.invoke(DelegatingMethodAccessorImpl.java:43)
at java.base/java.lang.reflect.Method.invoke(Method.java:564)
at org.testng.internal.MethodInvocationHelper.invokeMethod(MethodInvocationHelper.java:132)
at org.testng.internal.TestInvoker.invokeMethod(TestInvoker.java:599)
at org.testng.internal.TestInvoker.invokeTestMethod(TestInvoker.java:174)
at org.testng.internal.MethodRunner.runInSequence(MethodRunner.java:46)
at org.testng.internal.TestInvoker$MethodInvocationAgent.invoke(TestInvoker.java:822)
at org.testng.internal.TestInvoker.invokeTestMethods(TestInvoker.java:147)
at org.testng.internal.TestMethodWorker.invokeTestMethods(TestMethodWorker.java:146)
at org.testng.internal.TestMethodWorker.run(TestMethodWorker.java:128)
at java.base/java.util.ArrayList.forEach(ArrayList.java:1511)
at org.testng.TestRunner.privateRun(TestRunner.java:764)
at org.testng.TestRunner.run(TestRunner.java:585)
at org.testng.SuiteRunner.runTest(SuiteRunner.java:384)
at org.testng.SuiteRunner.runSequentially(SuiteRunner.java:378)
at org.testng.SuiteRunner.privateRun(SuiteRunner.java:337)
at org.testng.SuiteRunner.run(SuiteRunner.java:286)
at org.testng.SuiteRunnerWorker.runSuite(SuiteRunnerWorker.java:53)
at org.testng.SuiteRunnerWorker.run(SuiteRunnerWorker.java:96)
at org.testng.TestNG.runSuitesSequentially(TestNG.java:1218)
at org.testng.TestNG.runSuitesLocally(TestNG.java:1140)
at org.testng.TestNG.runSuites(TestNG.java:1069)
at org.testng.TestNG.run(TestNG.java:1037)
at org.testng.remote.AbstractRemoteTestNG.run(AbstractRemoteTestNG.java:115)
at org.testng.remote.RemoteTestNG.initAndRun(RemoteTestNG.java:251)
at org.testng.remote.RemoteTestNG.main(RemoteTestNG.java:77)
]]>
    </error>
  </testcase> <!-- vueBathroomSmokeClick -->
  <system-out/>
</testsuite> <!-- seleniumframewrok.VueBathroomOffice -->
